<?xml version="1.0" encoding="UTF-8"?>
<!-- Generated by org.testng.reporters.JUnitXMLReporter -->
<testsuite hostname="ASDA0024" name="Default test" tests="7" failures="0" timestamp="29 Jun 2018 11:01:49 GMT" time="6.458" errors="0">
  <testcase name="attemptClickingBasicCourse" time="0.17" classname="test.MainTest"/>
  <testcase name="attemptGridBoxPage" time="0.375" classname="test.MainTest"/>
  <testcase name="attemptFrameAndDungeonPage" time="1.885" classname="test.MainTest"/>
  <testcase name="attemptDragAndDropPage" time="0.435" classname="test.MainTest"/>
  <testcase name="attemptPopupWindowsPage" time="0.958" classname="test.MainTest"/>
  <testcase name="attemptTokenGenerationPage" time="0.393" classname="test.MainTest"/>
  <testcase name="verifyEndPage" time="0.037" classname="test.MainTest"/>
</testsuite> <!-- Default test -->
