<?xml version="1.0" encoding="UTF-8"?>
<testng-results skipped="0" failed="0" total="7" passed="7">
  <reporter-output>
  </reporter-output>
  <suite name="Default suite" duration-ms="6458" started-at="2018-06-29T11:01:43Z" finished-at="2018-06-29T11:01:49Z">
    <groups>
    </groups>
    <test name="Default test" duration-ms="6458" started-at="2018-06-29T11:01:43Z" finished-at="2018-06-29T11:01:49Z">
      <class name="test.MainTest">
        <test-method status="PASS" signature="openTatocLink()[pri:0, instance:test.MainTest@c038203]" name="openTatocLink" is-config="true" duration-ms="2104" started-at="2018-06-29T16:31:43Z" finished-at="2018-06-29T16:31:45Z">
          <reporter-output>
          </reporter-output>
        </test-method> <!-- openTatocLink -->
        <test-method status="PASS" signature="attemptClickingBasicCourse()[pri:0, instance:test.MainTest@c038203]" name="attemptClickingBasicCourse" duration-ms="170" started-at="2018-06-29T16:31:45Z" finished-at="2018-06-29T16:31:45Z">
          <reporter-output>
          </reporter-output>
        </test-method> <!-- attemptClickingBasicCourse -->
        <test-method status="PASS" signature="attemptGridBoxPage()[pri:0, instance:test.MainTest@c038203]" name="attemptGridBoxPage" duration-ms="375" started-at="2018-06-29T16:31:45Z" depends-on-methods="test.MainTest.attemptClickingBasicCourse" finished-at="2018-06-29T16:31:46Z">
          <reporter-output>
          </reporter-output>
        </test-method> <!-- attemptGridBoxPage -->
        <test-method status="PASS" signature="attemptFrameAndDungeonPage()[pri:0, instance:test.MainTest@c038203]" name="attemptFrameAndDungeonPage" duration-ms="1885" started-at="2018-06-29T16:31:46Z" depends-on-methods="test.MainTest.attemptGridBoxPage" finished-at="2018-06-29T16:31:48Z">
          <reporter-output>
          </reporter-output>
        </test-method> <!-- attemptFrameAndDungeonPage -->
        <test-method status="PASS" signature="attemptDragAndDropPage()[pri:0, instance:test.MainTest@c038203]" name="attemptDragAndDropPage" duration-ms="435" started-at="2018-06-29T16:31:48Z" depends-on-methods="test.MainTest.attemptFrameAndDungeonPage" finished-at="2018-06-29T16:31:48Z">
          <reporter-output>
          </reporter-output>
        </test-method> <!-- attemptDragAndDropPage -->
        <test-method status="PASS" signature="attemptPopupWindowsPage()[pri:0, instance:test.MainTest@c038203]" name="attemptPopupWindowsPage" duration-ms="958" started-at="2018-06-29T16:31:48Z" depends-on-methods="test.MainTest.attemptDragAndDropPage" finished-at="2018-06-29T16:31:49Z">
          <reporter-output>
          </reporter-output>
        </test-method> <!-- attemptPopupWindowsPage -->
        <test-method status="PASS" signature="attemptTokenGenerationPage()[pri:0, instance:test.MainTest@c038203]" name="attemptTokenGenerationPage" duration-ms="393" started-at="2018-06-29T16:31:49Z" depends-on-methods="test.MainTest.attemptPopupWindowsPage" finished-at="2018-06-29T16:31:49Z">
          <reporter-output>
          </reporter-output>
        </test-method> <!-- attemptTokenGenerationPage -->
        <test-method status="PASS" signature="verifyEndPage()[pri:0, instance:test.MainTest@c038203]" name="verifyEndPage" duration-ms="37" started-at="2018-06-29T16:31:49Z" depends-on-methods="test.MainTest.attemptTokenGenerationPage" finished-at="2018-06-29T16:31:49Z">
          <reporter-output>
          </reporter-output>
        </test-method> <!-- verifyEndPage -->
        <test-method status="PASS" signature="closeBrowser()[pri:0, instance:test.MainTest@c038203]" name="closeBrowser" is-config="true" duration-ms="72" started-at="2018-06-29T16:31:49Z" finished-at="2018-06-29T16:31:49Z">
          <reporter-output>
          </reporter-output>
        </test-method> <!-- closeBrowser -->
      </class> <!-- test.MainTest -->
    </test> <!-- Default test -->
  </suite> <!-- Default suite -->
</testng-results>
